<?xml version="1.0" encoding="UTF-8"?>
<testng-results ignored="0" total="2" passed="2" failed="0" skipped="0">
  <reporter-output>
  </reporter-output>
  <suite started-at="2024-09-19T15:43:23 IST" name="Master Suite" finished-at="2024-09-19T15:43:39 IST" duration-ms="16543">
    <groups>
      <group name="Master">
        <method signature="TC002_LoginTest.verify_login()[pri:0, instance:testCases.TC002_LoginTest@4b41e4dd]" name="verify_login" class="testCases.TC002_LoginTest"/>
        <method signature="TC_001_AccountRegistationTest.verify_account_registration()[pri:0, instance:testCases.TC_001_AccountRegistationTest@1ecee32c]" name="verify_account_registration" class="testCases.TC_001_AccountRegistationTest"/>
      </group> <!-- Master -->
      <group name="Sanity">
        <method signature="TC002_LoginTest.verify_login()[pri:0, instance:testCases.TC002_LoginTest@4b41e4dd]" name="verify_login" class="testCases.TC002_LoginTest"/>
      </group> <!-- Sanity -->
      <group name="Regression">
        <method signature="TC_001_AccountRegistationTest.verify_account_registration()[pri:0, instance:testCases.TC_001_AccountRegistationTest@1ecee32c]" name="verify_account_registration" class="testCases.TC_001_AccountRegistationTest"/>
      </group> <!-- Regression -->
    </groups>
    <test started-at="2024-09-19T15:43:23 IST" name="Test" finished-at="2024-09-19T15:43:39 IST" duration-ms="16543">
      <class name="testCases.TC002_LoginTest">
        <test-method is-config="true" signature="setup(java.lang.String,java.lang.String)[pri:0, instance:testCases.TC002_LoginTest@4b41e4dd]" started-at="2024-09-19T15:43:33 IST" name="setup" finished-at="2024-09-19T15:43:37 IST" duration-ms="3936" status="PASS">
          <params>
            <param index="0">
              <value>
                <![CDATA[Windows]]>
              </value>
            </param>
            <param index="1">
              <value>
                <![CDATA[chrome]]>
              </value>
            </param>
          </params>
          <reporter-output>
          </reporter-output>
        </test-method> <!-- setup -->
        <test-method signature="verify_login()[pri:0, instance:testCases.TC002_LoginTest@4b41e4dd]" started-at="2024-09-19T15:43:37 IST" name="verify_login" finished-at="2024-09-19T15:43:39 IST" duration-ms="1905" status="PASS">
          <reporter-output>
          </reporter-output>
        </test-method> <!-- verify_login -->
        <test-method is-config="true" signature="tearDown()[pri:0, instance:testCases.TC002_LoginTest@4b41e4dd]" started-at="2024-09-19T15:43:39 IST" name="tearDown" finished-at="2024-09-19T15:43:39 IST" duration-ms="559" status="PASS">
          <reporter-output>
          </reporter-output>
        </test-method> <!-- tearDown -->
      </class> <!-- testCases.TC002_LoginTest -->
      <class name="testCases.TC_001_AccountRegistationTest">
        <test-method is-config="true" signature="setup(java.lang.String,java.lang.String)[pri:0, instance:testCases.TC_001_AccountRegistationTest@1ecee32c]" started-at="2024-09-19T15:43:23 IST" name="setup" finished-at="2024-09-19T15:43:29 IST" duration-ms="6088" status="PASS">
          <params>
            <param index="0">
              <value>
                <![CDATA[Windows]]>
              </value>
            </param>
            <param index="1">
              <value>
                <![CDATA[chrome]]>
              </value>
            </param>
          </params>
          <reporter-output>
          </reporter-output>
        </test-method> <!-- setup -->
        <test-method signature="verify_account_registration()[pri:0, instance:testCases.TC_001_AccountRegistationTest@1ecee32c]" started-at="2024-09-19T15:43:29 IST" name="verify_account_registration" finished-at="2024-09-19T15:43:32 IST" duration-ms="2960" status="PASS">
          <reporter-output>
          </reporter-output>
        </test-method> <!-- verify_account_registration -->
        <test-method is-config="true" signature="tearDown()[pri:0, instance:testCases.TC_001_AccountRegistationTest@1ecee32c]" started-at="2024-09-19T15:43:32 IST" name="tearDown" finished-at="2024-09-19T15:43:33 IST" duration-ms="522" status="PASS">
          <reporter-output>
          </reporter-output>
        </test-method> <!-- tearDown -->
      </class> <!-- testCases.TC_001_AccountRegistationTest -->
    </test> <!-- Test -->
  </suite> <!-- Master Suite -->
</testng-results>
