<?xml version="1.0" encoding="UTF-8"?>
<testng-results ignored="0" total="2" passed="2" failed="0" skipped="0">
  <reporter-output>
  </reporter-output>
  <suite started-at="2024-09-19T15:02:21 IST" name="Master Suite" finished-at="2024-09-19T15:02:36 IST" duration-ms="14470">
    <groups>
      <group name="Master">
        <method signature="TC002_LoginTest.verify_login()[pri:0, instance:testCases.TC002_LoginTest@4152d38d]" name="verify_login" class="testCases.TC002_LoginTest"/>
        <method signature="TC_001_AccountRegistationTest.verify_account_registration()[pri:0, instance:testCases.TC_001_AccountRegistationTest@7a11c4c7]" name="verify_account_registration" class="testCases.TC_001_AccountRegistationTest"/>
      </group> <!-- Master -->
      <group name="Sanity">
        <method signature="TC002_LoginTest.verify_login()[pri:0, instance:testCases.TC002_LoginTest@4152d38d]" name="verify_login" class="testCases.TC002_LoginTest"/>
      </group> <!-- Sanity -->
      <group name="Regression">
        <method signature="TC_001_AccountRegistationTest.verify_account_registration()[pri:0, instance:testCases.TC_001_AccountRegistationTest@7a11c4c7]" name="verify_account_registration" class="testCases.TC_001_AccountRegistationTest"/>
      </group> <!-- Regression -->
    </groups>
    <test started-at="2024-09-19T15:02:21 IST" name="Test" finished-at="2024-09-19T15:02:36 IST" duration-ms="14470">
      <class name="testCases.TC002_LoginTest">
        <test-method is-config="true" signature="setup(java.lang.String,java.lang.String)[pri:0, instance:testCases.TC002_LoginTest@4152d38d]" started-at="2024-09-19T15:02:31 IST" name="setup" finished-at="2024-09-19T15:02:33 IST" duration-ms="2519" status="PASS">
          <params>
            <param index="0">
              <value>
                <![CDATA[Windows]]>
              </value>
            </param>
            <param index="1">
              <value>
                <![CDATA[chrome]]>
              </value>
            </param>
          </params>
          <reporter-output>
          </reporter-output>
        </test-method> <!-- setup -->
        <test-method signature="verify_login()[pri:0, instance:testCases.TC002_LoginTest@4152d38d]" started-at="2024-09-19T15:02:33 IST" name="verify_login" finished-at="2024-09-19T15:02:35 IST" duration-ms="1911" status="PASS">
          <reporter-output>
          </reporter-output>
        </test-method> <!-- verify_login -->
        <test-method is-config="true" signature="tearDown()[pri:0, instance:testCases.TC002_LoginTest@4152d38d]" started-at="2024-09-19T15:02:35 IST" name="tearDown" finished-at="2024-09-19T15:02:36 IST" duration-ms="267" status="PASS">
          <reporter-output>
          </reporter-output>
        </test-method> <!-- tearDown -->
      </class> <!-- testCases.TC002_LoginTest -->
      <class name="testCases.TC_001_AccountRegistationTest">
        <test-method is-config="true" signature="setup(java.lang.String,java.lang.String)[pri:0, instance:testCases.TC_001_AccountRegistationTest@7a11c4c7]" started-at="2024-09-19T15:02:22 IST" name="setup" finished-at="2024-09-19T15:02:27 IST" duration-ms="5497" status="PASS">
          <params>
            <param index="0">
              <value>
                <![CDATA[Windows]]>
              </value>
            </param>
            <param index="1">
              <value>
                <![CDATA[chrome]]>
              </value>
            </param>
          </params>
          <reporter-output>
          </reporter-output>
        </test-method> <!-- setup -->
        <test-method signature="verify_account_registration()[pri:0, instance:testCases.TC_001_AccountRegistationTest@7a11c4c7]" started-at="2024-09-19T15:02:27 IST" name="verify_account_registration" finished-at="2024-09-19T15:02:30 IST" duration-ms="3076" status="PASS">
          <reporter-output>
          </reporter-output>
        </test-method> <!-- verify_account_registration -->
        <test-method is-config="true" signature="tearDown()[pri:0, instance:testCases.TC_001_AccountRegistationTest@7a11c4c7]" started-at="2024-09-19T15:02:30 IST" name="tearDown" finished-at="2024-09-19T15:02:31 IST" duration-ms="429" status="PASS">
          <reporter-output>
          </reporter-output>
        </test-method> <!-- tearDown -->
      </class> <!-- testCases.TC_001_AccountRegistationTest -->
    </test> <!-- Test -->
  </suite> <!-- Master Suite -->
</testng-results>
